<?xml version="1.0" encoding="UTF-8"?>
<testsuite xmlns:xsi="http://www.w3.org/2001/XMLSchema-instance" xsi:noNamespaceSchemaLocation="https://maven.apache.org/surefire/maven-surefire-plugin/xsd/surefire-test-report-3.0.xsd" version="3.0" name="com.example.todolistmanager.TodoListManagerTest" time="0.072" tests="3" errors="0" skipped="0" failures="0">
  <properties>
    <property name="java.specification.version" value="23"/>
    <property name="sun.cpu.isalist" value="amd64"/>
    <property name="sun.jnu.encoding" value="Cp1252"/>
    <property name="java.class.path" value="C:\Users\Brian\Java_Projects_1\Java-Project-Based-Learning\Beginner\target\test-classes;C:\Users\Brian\Java_Projects_1\Java-Project-Based-Learning\Beginner\target\classes;C:\Users\Brian\.m2\repository\junit\junit\4.13.2\junit-4.13.2.jar;C:\Users\Brian\.m2\repository\org\hamcrest\hamcrest-core\1.3\hamcrest-core-1.3.jar;"/>
    <property name="java.vm.vendor" value="Oracle Corporation"/>
    <property name="sun.arch.data.model" value="64"/>
    <property name="user.variant" value=""/>
    <property name="java.vendor.url" value="https://java.oracle.com/"/>
    <property name="user.timezone" value="America/New_York"/>
    <property name="os.name" value="Windows 11"/>
    <property name="java.vm.specification.version" value="23"/>
    <property name="sun.java.launcher" value="SUN_STANDARD"/>
    <property name="user.country" value="US"/>
    <property name="sun.boot.library.path" value="C:\Users\Brian\.jdks\openjdk-23.0.1\bin"/>
    <property name="sun.java.command" value="C:\Users\Brian\AppData\Local\Temp\surefire14738326862208096122\surefirebooter-20250902225633811_3.jar C:\Users\Brian\AppData\Local\Temp\surefire14738326862208096122 2025-09-02T22-56-29_607-jvmRun1 surefire-20250902225633811_1tmp surefire_0-20250902225633811_2tmp"/>
    <property name="jdk.debug" value="release"/>
    <property name="surefire.test.class.path" value="C:\Users\Brian\Java_Projects_1\Java-Project-Based-Learning\Beginner\target\test-classes;C:\Users\Brian\Java_Projects_1\Java-Project-Based-Learning\Beginner\target\classes;C:\Users\Brian\.m2\repository\junit\junit\4.13.2\junit-4.13.2.jar;C:\Users\Brian\.m2\repository\org\hamcrest\hamcrest-core\1.3\hamcrest-core-1.3.jar;"/>
    <property name="sun.cpu.endian" value="little"/>
    <property name="user.home" value="C:\Users\Brian"/>
    <property name="user.language" value="en"/>
    <property name="java.specification.vendor" value="Oracle Corporation"/>
    <property name="java.version.date" value="2024-10-15"/>
    <property name="java.home" value="C:\Users\Brian\.jdks\openjdk-23.0.1"/>
    <property name="file.separator" value="\"/>
    <property name="basedir" value="C:\Users\Brian\Java_Projects_1\Java-Project-Based-Learning\Beginner"/>
    <property name="java.vm.compressedOopsMode" value="32-bit"/>
    <property name="line.separator" value="&#10;"/>
    <property name="java.vm.specification.vendor" value="Oracle Corporation"/>
    <property name="java.specification.name" value="Java Platform API Specification"/>
    <property name="surefire.real.class.path" value="C:\Users\Brian\AppData\Local\Temp\surefire14738326862208096122\surefirebooter-20250902225633811_3.jar"/>
    <property name="user.script" value=""/>
    <property name="sun.management.compiler" value="HotSpot 64-Bit Tiered Compilers"/>
    <property name="java.runtime.version" value="23.0.1+11-39"/>
    <property name="user.name" value="Brian"/>
    <property name="stdout.encoding" value="Cp1252"/>
    <property name="path.separator" value=";"/>
    <property name="os.version" value="10.0"/>
    <property name="java.runtime.name" value="OpenJDK Runtime Environment"/>
    <property name="file.encoding" value="UTF-8"/>
    <property name="java.vm.name" value="OpenJDK 64-Bit Server VM"/>
    <property name="localRepository" value="C:\Users\Brian\.m2\repository"/>
    <property name="java.vendor.url.bug" value="https://bugreport.java.com/bugreport/"/>
    <property name="java.io.tmpdir" value="C:\Users\Brian\AppData\Local\Temp\"/>
    <property name="idea.version" value="2024.3"/>
    <property name="java.version" value="23.0.1"/>
    <property name="user.dir" value="C:\Users\Brian\Java_Projects_1\Java-Project-Based-Learning\Beginner"/>
    <property name="os.arch" value="amd64"/>
    <property name="java.vm.specification.name" value="Java Virtual Machine Specification"/>
    <property name="sun.os.patch.level" value=""/>
    <property name="native.encoding" value="Cp1252"/>
    <property name="java.library.path" value="C:\Users\Brian\.jdks\openjdk-23.0.1\bin;C:\WINDOWS\Sun\Java\bin;C:\WINDOWS\system32;C:\WINDOWS;C:\Program Files\Common Files\Oracle\Java\javapath;C:\windows\system32;C:\windows;C:\windows\System32\Wbem;C:\windows\System32\WindowsPowerShell\v1.0\;C:\windows\System32\OpenSSH\;C:\Program Files\Git\cmd;C:\Program Files\HP\HP One Agent;C:\Program Files\nodejs\;C:\Users\Brian\Downloads\apache-maven-3.9.9\bin;C:\Program Files\apache-maven-3.9.9\bin;C:\Program Files\javafx-sdk-23.0.1\bin;C:\Program Files\Java\jdk-17\bin;C:\Program Files\Microsoft SQL Server\Client SDK\ODBC\170\Tools\Binn\;C:\Program Files (x86)\Microsoft SQL Server\150\Tools\Binn\;C:\Program Files\Microsoft SQL Server\150\Tools\Binn\;C:\Program Files\Microsoft SQL Server\150\DTS\Binn\;C:\Program Files\dotnet\;C:\WINDOWS\system32;C:\WINDOWS;C:\WINDOWS\System32\Wbem;C:\WINDOWS\System32\WindowsPowerShell\v1.0\;C:\WINDOWS\System32\OpenSSH\;C:\Program Files\OpenSSL\bin;C:\Users\Brian\AppData\Local\Programs\Python\Python311\Scripts\;C:\Users\Brian\AppData\Local\Programs\Python\Python311\;C:\Users\Brian\AppData\Local\Programs\Python\Python313\Scripts\;C:\Users\Brian\AppData\Local\Programs\Python\Python313\;C:\Users\Brian\AppData\Local\Programs\Python\Launcher\;C:\Users\Brian\miniconda3;C:\Users\Brian\miniconda3\Library\mingw-w64\bin;C:\Users\Brian\miniconda3\Library\usr\bin;C:\Users\Brian\miniconda3\Library\bin;C:\Users\Brian\miniconda3\Scripts;C:\Users\Brian\AppData\Local\Programs\Eclipse Adoptium\jdk-17.0.11.9-hotspot\bin;C:\Users\Brian\AppData\Local\Microsoft\WindowsApps;C:\Users\Brian\AppData\Local\Programs\Microsoft VS Code\bin;C:\Users\Brian\AppData\Roaming\npm;;."/>
    <property name="java.vm.info" value="mixed mode, sharing"/>
    <property name="stderr.encoding" value="Cp1252"/>
    <property name="java.vendor" value="Oracle Corporation"/>
    <property name="java.vm.version" value="23.0.1+11-39"/>
    <property name="sun.io.unicode.encoding" value="UnicodeLittle"/>
    <property name="java.class.version" value="67.0"/>
  </properties>
  <testcase name="testAddTask" classname="com.example.todolistmanager.TodoListManagerTest" time="0.011">
    <system-out><![CDATA[Task added: Task 1
]]></system-out>
  </testcase>
  <testcase name="testRemoveTask" classname="com.example.todolistmanager.TodoListManagerTest" time="0.0">
    <system-out><![CDATA[Task added: Task 1
Task removed: Task 1
]]></system-out>
  </testcase>
  <testcase name="testCompleteTask" classname="com.example.todolistmanager.TodoListManagerTest" time="0.002">
    <system-out><![CDATA[Task added: Task 1
Task completed: Task 1
]]></system-out>
  </testcase>
</testsuite>